<?xml version="1.0" encoding="UTF-8"?>
<!-- Generated by org.testng.reporters.JUnitReportReporter -->
<testsuite hostname="LPTSEPT12" failures="0" tests="1" name="IBM_Training2.SeleniumScripts.CheckDataSubmission" time="1.040" errors="0" timestamp="2022-05-05T10:49:45 IST" skipped="0">
  <testcase classname="IBM_Training2.SeleniumScripts.CheckDataSubmission" name="TestDataSubmission" time="1.040"/>
  <system-out/>
</testsuite> <!-- IBM_Training2.SeleniumScripts.CheckDataSubmission -->
