<?xml version="1.0" encoding="UTF-8"?>
<!-- Generated by org.testng.reporters.JUnitReportReporter -->
<testsuite hostname="LPTSEPT12" failures="0" tests="2" name="IBM_Training2.SeleniumScripts.TestDropdown" time="15.339" errors="0" timestamp="2022-05-12T11:26:19 IST" skipped="0">
  <testcase classname="IBM_Training2.SeleniumScripts.TestDropdown" name="TestDefaultDropdownValue" time="5.078"/>
  <system-out/>
  <testcase classname="IBM_Training2.SeleniumScripts.TestDropdown" name="SelectOptionAndCheck" time="10.261"/>
  <system-out/>
</testsuite> <!-- IBM_Training2.SeleniumScripts.TestDropdown -->
