<?xml version="1.0" encoding="UTF-8"?>
<!-- Generated by org.testng.reporters.JUnitReportReporter -->
<testsuite hostname="LPTSEPT12" failures="0" tests="1" name="IBM_Training2.SeleniumScripts.WorkingOnMultipleControlsAndFindChild" time="0.427" errors="0" timestamp="2022-05-09T10:33:36 IST" skipped="0">
  <testcase classname="IBM_Training2.SeleniumScripts.WorkingOnMultipleControlsAndFindChild" name="CheckAllCheckBoxes" time="0.427"/>
  <system-out/>
</testsuite> <!-- IBM_Training2.SeleniumScripts.WorkingOnMultipleControlsAndFindChild -->
