<?xml version="1.0" encoding="UTF-8"?>
<!-- Generated by org.testng.reporters.JUnitReportReporter -->
<testsuite hostname="LPTSEPT12" failures="0" tests="1" name="IBM_Training2.SeleniumScripts.ScrollingthePage" time="0.243" errors="0" timestamp="2022-05-12T10:48:13 IST" skipped="0">
  <testcase classname="IBM_Training2.SeleniumScripts.ScrollingthePage" name="TestHovering" time="0.243"/>
  <system-out/>
</testsuite> <!-- IBM_Training2.SeleniumScripts.ScrollingthePage -->
