<?xml version="1.0" encoding="UTF-8"?>
<!-- Generated by org.testng.reporters.JUnitReportReporter -->
<testsuite hostname="LPTSEPT12" failures="0" tests="1" name="IBM_Training2.SeleniumScripts.CheeckingAlertFunctionality" time="0.212" errors="0" timestamp="2022-05-04T11:35:00 IST" skipped="0">
  <testcase classname="IBM_Training2.SeleniumScripts.CheeckingAlertFunctionality" name="CheckAlertMessage" time="0.212"/>
  <system-out/>
</testsuite> <!-- IBM_Training2.SeleniumScripts.CheeckingAlertFunctionality -->
