<?xml version="1.0" encoding="UTF-8"?>
<!-- Generated by org.testng.reporters.JUnitReportReporter -->
<testsuite hostname="LPTSEPT12" failures="0" tests="1" name="IBMAppiumTraining2.AppiumScript.SampleScript" time="2.978" errors="0" timestamp="2022-05-10T11:35:43 IST" skipped="0">
  <testcase classname="IBMAppiumTraining2.AppiumScript.SampleScript" name="DoLogin" time="2.978"/>
  <system-out/>
</testsuite> <!-- IBMAppiumTraining2.AppiumScript.SampleScript -->
