<?xml version="1.0" encoding="UTF-8"?>
<!-- Generated by org.testng.reporters.JUnitReportReporter -->
<testsuite hostname="NBSB003BF8-TP" failures="0" tests="1" name="Automation.Framework.TestCases" time="5.593" errors="0" timestamp="2022-05-17T13:16:50 IST" skipped="0">
  <testcase classname="Automation.Framework.TestCases" name="Login" time="5.593"/>
  <system-out/>
</testsuite> <!-- Automation.Framework.TestCases -->
